<?xml version="1.0" encoding="UTF-8"?>
<!-- Generated by org.testng.reporters.JUnitXMLReporter -->
<testsuite ignored="0" hostname="DESKTOP-4D85HDE" failures="0" tests="6" name="Test" time="0.067" errors="0" timestamp="2021-11-20T00:24:26 IST">
  <testcase classname="Utk.MavenJava.AppiumTest" name="androidapp" time="0.007"/>
  <testcase classname="Utk.MavenJava.AppiumTest" name="iosapp" time="0.0"/>
  <testcase classname="Utk.MavenJava.SeleniumTest" name="BrowserAutomation" time="0.0"/>
  <testcase classname="Utk.MavenJava.SeleniumTest" name="elementUi" time="0.001"/>
  <testcase classname="Utk.MavenJava.RestTest" name="deleteTwitter" time="0.0"/>
  <testcase classname="Utk.MavenJava.RestTest" name="postjira" time="0.0"/>
</testsuite> <!-- Test -->
