<?xml version="1.0" encoding="UTF-8"?>
<testng-results ignored="0" total="2" passed="2" failed="0" skipped="0">
  <reporter-output>
  </reporter-output>
  <suite started-at="2021-11-20T00:31:23 IST" name="Surefire suite" finished-at="2021-11-20T00:31:23 IST" duration-ms="60">
    <groups>
    </groups>
    <test started-at="2021-11-20T00:31:23 IST" name="Surefire test" finished-at="2021-11-20T00:31:23 IST" duration-ms="60">
      <class name="Utk.MavenJava.SeleniumTest">
        <test-method signature="BrowserAutomation()[pri:0, instance:Utk.MavenJava.SeleniumTest@2a3b5b47]" started-at="2021-11-20T00:31:23 IST" name="BrowserAutomation" finished-at="2021-11-20T00:31:23 IST" duration-ms="10" status="PASS">
          <reporter-output>
          </reporter-output>
        </test-method> <!-- BrowserAutomation -->
        <test-method signature="elementUi()[pri:0, instance:Utk.MavenJava.SeleniumTest@2a3b5b47]" started-at="2021-11-20T00:31:23 IST" name="elementUi" finished-at="2021-11-20T00:31:23 IST" duration-ms="0" status="PASS">
          <reporter-output>
          </reporter-output>
        </test-method> <!-- elementUi -->
      </class> <!-- Utk.MavenJava.SeleniumTest -->
    </test> <!-- Surefire test -->
  </suite> <!-- Surefire suite -->
</testng-results>
